mode: set
rpm/microservices/services/report/usecase/report.go:12.132,17.26 4 0
rpm/microservices/services/report/usecase/report.go:21.2,22.19 2 0
rpm/microservices/services/report/usecase/report.go:26.2,27.16 2 0
rpm/microservices/services/report/usecase/report.go:31.2,32.16 2 0
rpm/microservices/services/report/usecase/report.go:37.2,37.40 1 0
rpm/microservices/services/report/usecase/report.go:41.2,43.32 2 0
rpm/microservices/services/report/usecase/report.go:54.2,56.20 2 0
rpm/microservices/services/report/usecase/report.go:17.26,19.3 1 0
rpm/microservices/services/report/usecase/report.go:22.19,24.3 1 0
rpm/microservices/services/report/usecase/report.go:27.16,29.3 1 0
rpm/microservices/services/report/usecase/report.go:32.16,34.3 1 0
rpm/microservices/services/report/usecase/report.go:37.40,39.3 1 0
rpm/microservices/services/report/usecase/report.go:43.32,52.3 1 0
rpm/microservices/services/report/usecase/usecase.go:20.132,27.2 1 1
rpm/microservices/services/report/repository/converter.go:7.97,9.24 2 0
rpm/microservices/services/report/repository/converter.go:15.2,15.20 1 0
rpm/microservices/services/report/repository/converter.go:9.24,10.13 1 0
rpm/microservices/services/report/repository/converter.go:10.13,13.4 2 0
rpm/microservices/services/report/repository/repository.go:35.62,39.53 3 1
rpm/microservices/services/report/repository/repository.go:51.2,54.16 3 1
rpm/microservices/services/report/repository/repository.go:39.53,44.3 1 1
rpm/microservices/services/report/repository/abstractreport.go:13.89,17.23 3 0
rpm/microservices/services/report/repository/abstractreport.go:20.2,24.16 3 0
rpm/microservices/services/report/repository/abstractreport.go:27.2,27.21 1 0
rpm/microservices/services/report/repository/abstractreport.go:30.2,30.68 1 0
rpm/microservices/services/report/repository/abstractreport.go:34.2,34.100 1 0
rpm/microservices/services/report/repository/abstractreport.go:17.23,19.3 1 0
rpm/microservices/services/report/repository/abstractreport.go:24.16,26.3 1 0
rpm/microservices/services/report/repository/abstractreport.go:27.21,29.3 1 0
rpm/microservices/services/report/repository/abstractreport.go:30.68,32.3 1 0
rpm/microservices/services/report/repository/abstractreport.go:39.142,43.23 3 0
rpm/microservices/services/report/repository/abstractreport.go:47.2,49.27 3 0
rpm/microservices/services/report/repository/abstractreport.go:52.2,53.16 2 0
rpm/microservices/services/report/repository/abstractreport.go:56.2,58.114 2 0
rpm/microservices/services/report/repository/abstractreport.go:43.23,45.3 1 0
rpm/microservices/services/report/repository/abstractreport.go:49.27,51.3 1 0
rpm/microservices/services/report/repository/abstractreport.go:53.16,55.3 1 0
rpm/microservices/services/report/repository/abstractreport.go:62.146,66.23 3 0
rpm/microservices/services/report/repository/abstractreport.go:70.2,72.16 3 0
rpm/microservices/services/report/repository/abstractreport.go:75.2,77.116 2 0
rpm/microservices/services/report/repository/abstractreport.go:66.23,68.3 1 0
rpm/microservices/services/report/repository/abstractreport.go:72.16,74.3 1 0
rpm/microservices/services/report/repository/postgres/report.go:10.93,23.2 3 1
rpm/microservices/services/report/repository/postgres/report.go:25.159,27.31 2 1
rpm/microservices/services/report/repository/postgres/report.go:45.2,46.62 2 1
rpm/microservices/services/report/repository/postgres/report.go:27.31,28.28 1 1
rpm/microservices/services/report/repository/postgres/report.go:32.3,42.41 4 1
rpm/microservices/services/report/repository/postgres/report.go:28.28,29.12 1 1
rpm/microservices/services/report/repository/postgres/report.go:49.146,51.31 2 1
rpm/microservices/services/report/repository/postgres/report.go:70.2,71.62 2 1
rpm/microservices/services/report/repository/postgres/report.go:51.31,52.30 1 1
rpm/microservices/services/report/repository/postgres/report.go:56.3,67.41 4 1
rpm/microservices/services/report/repository/postgres/report.go:52.30,53.12 1 1
rpm/microservices/services/report/handler/connector.go:24.47,25.22 1 1
rpm/microservices/services/report/handler/connector.go:33.2,33.15 1 1
rpm/microservices/services/report/handler/connector.go:25.22,32.3 1 1
rpm/microservices/services/report/handler/connector.go:40.58,41.20 1 1
rpm/microservices/services/report/handler/connector.go:44.2,44.13 1 1
rpm/microservices/services/report/handler/connector.go:41.20,43.3 1 1
rpm/microservices/services/report/handler/handler.go:19.28,21.2 1 1
rpm/microservices/services/report/handler/report.go:14.106,23.2 4 1
