mode: set
rpm/microservices/core/environ/environ.go:34.30,36.2 1 1
rpm/microservices/core/environ/environ.go:39.27,40.20 1 1
rpm/microservices/core/environ/environ.go:43.2,43.12 1 1
rpm/microservices/core/environ/environ.go:40.20,42.3 1 1
rpm/microservices/core/environ/environ.go:47.50,49.2 1 1
rpm/microservices/core/environ/environ.go:52.45,54.2 1 1
rpm/microservices/core/environ/environ.go:57.52,59.2 1 1
rpm/microservices/core/environ/environ.go:62.48,64.2 1 1
rpm/microservices/core/environ/environ.go:67.46,69.2 1 1
rpm/microservices/core/environ/environ.go:72.42,74.2 1 1
rpm/microservices/core/environ/environ.go:77.45,79.2 1 1
rpm/microservices/core/environ/environ.go:82.38,84.2 1 1
rpm/microservices/core/environ/environ.go:87.38,89.2 1 1
rpm/microservices/core/environ/environ.go:92.38,94.2 1 1
rpm/microservices/core/environ/environ.go:97.38,99.2 1 1
rpm/microservices/core/environ/environ.go:102.38,104.2 1 1
rpm/microservices/core/environ/environ.go:107.40,109.2 1 1
rpm/microservices/core/environ/environ.go:112.40,114.2 1 1
rpm/microservices/core/config/config.go:33.25,34.17 1 1
rpm/microservices/core/config/config.go:37.2,37.18 1 1
rpm/microservices/core/config/config.go:34.17,36.3 1 1
rpm/microservices/core/config/config.go:41.69,45.16 3 1
rpm/microservices/core/config/config.go:50.2,50.44 1 1
rpm/microservices/core/config/config.go:71.2,71.30 1 1
rpm/microservices/core/config/config.go:45.16,48.3 2 0
rpm/microservices/core/config/config.go:50.44,55.17 3 1
rpm/microservices/core/config/config.go:61.3,69.36 6 1
rpm/microservices/core/config/config.go:55.17,58.4 2 0
rpm/microservices/core/utils/logging.go:19.60,23.2 1 0
rpm/microservices/core/utils/logging.go:25.58,25.72 1 0
rpm/microservices/core/utils/logging.go:27.46,27.73 1 0
rpm/microservices/core/utils/logging.go:29.75,29.87 1 0
rpm/microservices/core/utils/logging.go:31.65,32.15 1 0
rpm/microservices/core/utils/logging.go:33.25,34.34 1 0
rpm/microservices/core/utils/logging.go:35.24,36.33 1 0
rpm/microservices/core/utils/logging.go:37.24,38.33 1 0
rpm/microservices/core/utils/logging.go:39.25,40.39 1 0
rpm/microservices/core/utils/logging.go:41.25,42.39 1 0
rpm/microservices/core/utils/logging.go:46.81,47.15 1 0
rpm/microservices/core/utils/logging.go:48.25,49.30 1 0
rpm/microservices/core/utils/logging.go:50.24,51.29 1 0
rpm/microservices/core/utils/logging.go:52.24,53.29 1 0
rpm/microservices/core/utils/logging.go:54.25,55.35 1 0
rpm/microservices/core/utils/logging.go:56.25,57.35 1 0
rpm/microservices/core/utils/logging.go:61.37,61.57 1 0
rpm/microservices/core/utils/logging.go:64.60,67.2 2 0
rpm/microservices/core/utils/logging.go:70.44,72.2 1 0
rpm/microservices/core/utils/logging.go:75.45,77.2 1 0
rpm/microservices/core/utils/logging.go:79.58,86.16 2 0
rpm/microservices/core/utils/logging.go:95.2,95.25 1 0
rpm/microservices/core/utils/logging.go:86.16,87.40 1 0
rpm/microservices/core/utils/logging.go:87.40,89.45 2 0
rpm/microservices/core/utils/logging.go:89.45,91.5 1 0
rpm/microservices/core/utils/utils.go:45.23,47.25 1 1
rpm/microservices/core/utils/utils.go:54.2,54.18 1 1
rpm/microservices/core/utils/utils.go:47.25,52.3 1 1
rpm/microservices/core/utils/utils.go:58.70,60.11 2 1
rpm/microservices/core/utils/utils.go:63.2,63.12 1 1
rpm/microservices/core/utils/utils.go:60.11,62.3 1 1
rpm/microservices/core/utils/utils.go:67.94,70.2 2 1
rpm/microservices/core/utils/utils.go:73.54,76.9 3 1
rpm/microservices/core/utils/utils.go:82.2,83.29 2 1
rpm/microservices/core/utils/utils.go:87.2,87.29 1 1
rpm/microservices/core/utils/utils.go:76.9,78.3 1 0
rpm/microservices/core/utils/utils.go:78.8,81.3 2 1
rpm/microservices/core/utils/utils.go:83.29,85.3 1 1
rpm/microservices/core/utils/utils.go:94.58,95.19 1 0
rpm/microservices/core/utils/utils.go:98.2,98.13 1 0
rpm/microservices/core/utils/utils.go:95.19,97.3 1 0
rpm/microservices/core/utils/utils.go:101.71,111.2 3 1
rpm/microservices/core/utils/utils.go:114.48,116.22 2 1
rpm/microservices/core/utils/utils.go:119.2,119.15 1 1
rpm/microservices/core/utils/utils.go:116.22,118.3 1 1
rpm/microservices/core/utils/utils.go:123.44,124.43 1 1
rpm/microservices/core/utils/utils.go:128.2,128.17 1 1
rpm/microservices/core/utils/utils.go:124.43,126.3 1 1
rpm/microservices/core/client/client.go:53.35,54.23 1 1
rpm/microservices/core/client/client.go:61.2,61.16 1 1
rpm/microservices/core/client/client.go:54.23,60.3 1 1
rpm/microservices/core/client/client.go:65.80,66.28 1 1
rpm/microservices/core/client/client.go:70.2,70.20 1 1
rpm/microservices/core/client/client.go:66.28,69.3 2 1
rpm/microservices/core/client/client.go:74.85,76.31 1 1
rpm/microservices/core/client/client.go:80.2,80.23 1 1
rpm/microservices/core/client/client.go:76.31,79.3 2 1
rpm/microservices/core/client/client.go:84.72,86.28 1 1
rpm/microservices/core/client/client.go:90.2,90.20 1 1
rpm/microservices/core/client/client.go:86.28,89.3 2 1
rpm/microservices/core/client/client.go:93.56,100.47 3 1
rpm/microservices/core/client/client.go:104.2,104.16 1 1
rpm/microservices/core/client/client.go:100.47,102.3 1 0
