mode: set
rpm/microservices/api/graph/resolver/core.resolvers.go:13.80,15.2 1 1
rpm/microservices/api/graph/resolver/core.resolvers.go:17.86,19.2 1 1
rpm/microservices/api/graph/resolver/core.resolvers.go:21.82,23.2 1 1
rpm/microservices/api/graph/resolver/core.resolvers.go:25.84,27.2 1 1
rpm/microservices/api/graph/resolver/core.resolvers.go:29.85,31.2 1 1
rpm/microservices/api/graph/resolver/core.resolvers.go:33.82,35.2 1 1
rpm/microservices/api/graph/resolver/core.resolvers.go:37.86,39.2 1 1
rpm/microservices/api/graph/resolver/core.resolvers.go:41.83,43.2 1 1
rpm/microservices/api/graph/resolver/core.resolvers.go:46.48,46.76 1 1
rpm/microservices/api/graph/resolver/inventory.resolvers.go:13.131,15.2 1 1
rpm/microservices/api/graph/resolver/inventory.resolvers.go:17.134,19.2 1 1
rpm/microservices/api/graph/resolver/inventory.resolvers.go:21.133,23.2 1 1
rpm/microservices/api/graph/resolver/inventory.resolvers.go:25.119,26.26 1 1
rpm/microservices/api/graph/resolver/inventory.resolvers.go:26.26,28.3 1 1
rpm/microservices/api/graph/resolver/inventory.resolvers.go:28.8,28.36 1 1
rpm/microservices/api/graph/resolver/inventory.resolvers.go:28.36,30.3 1 1
rpm/microservices/api/graph/resolver/inventory.resolvers.go:30.8,32.3 1 1
rpm/microservices/api/graph/resolver/inventory.resolvers.go:35.109,36.26 1 1
rpm/microservices/api/graph/resolver/inventory.resolvers.go:36.26,38.3 1 1
rpm/microservices/api/graph/resolver/inventory.resolvers.go:38.8,38.36 1 1
rpm/microservices/api/graph/resolver/inventory.resolvers.go:38.36,40.3 1 1
rpm/microservices/api/graph/resolver/inventory.resolvers.go:40.8,42.3 1 1
rpm/microservices/api/graph/resolver/inventory.resolvers.go:46.56,46.88 1 1
rpm/microservices/api/graph/resolver/inventory.resolvers.go:49.72,51.2 1 1
rpm/microservices/api/graph/resolver/logistic.resolvers.go:13.114,14.26 1 1
rpm/microservices/api/graph/resolver/logistic.resolvers.go:14.26,16.3 1 1
rpm/microservices/api/graph/resolver/logistic.resolvers.go:16.8,16.36 1 1
rpm/microservices/api/graph/resolver/logistic.resolvers.go:16.36,18.3 1 1
rpm/microservices/api/graph/resolver/logistic.resolvers.go:18.8,20.3 1 1
rpm/microservices/api/graph/resolver/logistic.resolvers.go:23.110,24.26 1 1
rpm/microservices/api/graph/resolver/logistic.resolvers.go:24.26,26.3 1 1
rpm/microservices/api/graph/resolver/logistic.resolvers.go:26.8,26.36 1 1
rpm/microservices/api/graph/resolver/logistic.resolvers.go:26.36,28.3 1 1
rpm/microservices/api/graph/resolver/logistic.resolvers.go:28.8,30.3 1 1
rpm/microservices/api/graph/resolver/logistic.resolvers.go:33.110,34.26 1 1
rpm/microservices/api/graph/resolver/logistic.resolvers.go:34.26,36.3 1 1
rpm/microservices/api/graph/resolver/logistic.resolvers.go:36.8,36.36 1 1
rpm/microservices/api/graph/resolver/logistic.resolvers.go:36.36,38.3 1 1
rpm/microservices/api/graph/resolver/logistic.resolvers.go:38.8,40.3 1 1
rpm/microservices/api/graph/resolver/logistic.resolvers.go:43.112,44.26 1 1
rpm/microservices/api/graph/resolver/logistic.resolvers.go:44.26,46.3 1 1
rpm/microservices/api/graph/resolver/logistic.resolvers.go:46.8,46.36 1 1
rpm/microservices/api/graph/resolver/logistic.resolvers.go:46.36,48.3 1 1
rpm/microservices/api/graph/resolver/logistic.resolvers.go:48.8,50.3 1 1
rpm/microservices/api/graph/resolver/logistic.resolvers.go:53.114,54.26 1 1
rpm/microservices/api/graph/resolver/logistic.resolvers.go:54.26,56.3 1 1
rpm/microservices/api/graph/resolver/logistic.resolvers.go:56.8,56.36 1 1
rpm/microservices/api/graph/resolver/logistic.resolvers.go:56.36,58.3 1 1
rpm/microservices/api/graph/resolver/logistic.resolvers.go:58.8,60.3 1 1
rpm/microservices/api/graph/resolver/logistic.resolvers.go:63.106,65.2 1 1
rpm/microservices/api/graph/resolver/logistic.resolvers.go:67.133,69.2 1 1
rpm/microservices/api/graph/resolver/logistic.resolvers.go:71.136,73.2 1 1
rpm/microservices/api/graph/resolver/logistic.resolvers.go:75.135,77.2 1 1
rpm/microservices/api/graph/resolver/logistic.resolvers.go:79.148,82.2 2 1
rpm/microservices/api/graph/resolver/logistic.resolvers.go:84.154,87.2 2 1
rpm/microservices/api/graph/resolver/logistic.resolvers.go:89.147,92.2 2 1
rpm/microservices/api/graph/resolver/logistic.resolvers.go:94.153,97.2 2 1
rpm/microservices/api/graph/resolver/logistic.resolvers.go:99.123,102.2 2 1
rpm/microservices/api/graph/resolver/logistic.resolvers.go:104.126,106.2 1 1
rpm/microservices/api/graph/resolver/logistic.resolvers.go:108.129,110.2 1 1
rpm/microservices/api/graph/resolver/logistic.resolvers.go:112.128,114.2 1 1
rpm/microservices/api/graph/resolver/logistic.resolvers.go:117.70,119.2 1 1
rpm/microservices/api/graph/resolver/logistic.resolvers.go:122.78,124.2 1 1
rpm/microservices/api/graph/resolver/logistic.resolvers.go:127.54,127.85 1 1
rpm/microservices/api/graph/resolver/sales.resolvers.go:13.122,16.2 2 1
rpm/microservices/api/graph/resolver/sales.resolvers.go:18.134,21.2 2 1
rpm/microservices/api/graph/resolver/sales.resolvers.go:23.136,26.2 2 1
rpm/microservices/api/graph/resolver/sales.resolvers.go:28.149,31.2 2 1
rpm/microservices/api/graph/resolver/sales.resolvers.go:33.143,36.2 2 1
rpm/microservices/api/graph/resolver/sales.resolvers.go:39.48,39.76 1 1
rpm/microservices/api/graph/resolver/report.resolvers.go:13.121,15.2 1 1
rpm/microservices/api/graph/resolver/report.resolvers.go:18.50,18.79 1 1
rpm/microservices/api/graph/resolver/resolver.go:30.48,35.2 1 1
rpm/microservices/api/graph/resolver/resolver.go:37.51,43.2 4 1
rpm/microservices/api/graph/resolver/resolver.go:45.56,51.2 4 1
rpm/microservices/api/graph/resolver/resolver.go:53.55,57.2 2 1
rpm/microservices/api/graph/resolver/equipment.resolvers.go:13.152,15.2 1 1
rpm/microservices/api/graph/resolver/equipment.resolvers.go:17.174,19.2 1 1
rpm/microservices/api/graph/resolver/equipment.resolvers.go:21.150,23.2 1 1
rpm/microservices/api/graph/resolver/equipment.resolvers.go:25.155,27.2 1 1
rpm/microservices/api/graph/resolver/equipment.resolvers.go:29.154,31.2 1 1
rpm/microservices/api/graph/resolver/equipment.resolvers.go:33.142,35.2 1 1
rpm/microservices/api/graph/resolver/equipment.resolvers.go:37.159,39.2 1 1
rpm/microservices/api/graph/resolver/equipment.resolvers.go:41.181,43.2 1 1
rpm/microservices/api/graph/resolver/equipment.resolvers.go:45.157,47.2 1 1
rpm/microservices/api/graph/resolver/equipment.resolvers.go:49.169,51.2 1 1
rpm/microservices/api/graph/resolver/equipment.resolvers.go:53.168,55.2 1 1
rpm/microservices/api/graph/resolver/equipment.resolvers.go:57.149,59.2 1 1
rpm/microservices/api/graph/resolver/equipment.resolvers.go:62.56,62.88 1 1
rpm/microservices/api/graph/resolver/goods.resolvers.go:14.101,16.2 1 1
rpm/microservices/api/graph/resolver/goods.resolvers.go:18.123,20.2 1 1
rpm/microservices/api/graph/resolver/goods.resolvers.go:22.126,24.2 1 1
rpm/microservices/api/graph/resolver/goods.resolvers.go:26.125,28.2 1 1
rpm/microservices/api/graph/resolver/goods.resolvers.go:30.109,31.26 1 1
rpm/microservices/api/graph/resolver/goods.resolvers.go:31.26,33.3 1 1
rpm/microservices/api/graph/resolver/goods.resolvers.go:33.8,33.36 1 1
rpm/microservices/api/graph/resolver/goods.resolvers.go:33.36,35.3 1 1
rpm/microservices/api/graph/resolver/goods.resolvers.go:35.8,37.3 1 1
rpm/microservices/api/graph/resolver/goods.resolvers.go:40.108,41.29 1 1
rpm/microservices/api/graph/resolver/goods.resolvers.go:41.29,43.3 1 1
rpm/microservices/api/graph/resolver/goods.resolvers.go:43.8,45.3 1 1
rpm/microservices/api/graph/resolver/goods.resolvers.go:48.108,49.26 1 1
rpm/microservices/api/graph/resolver/goods.resolvers.go:49.26,51.3 1 1
rpm/microservices/api/graph/resolver/goods.resolvers.go:51.8,51.36 1 1
rpm/microservices/api/graph/resolver/goods.resolvers.go:51.36,53.3 1 1
rpm/microservices/api/graph/resolver/goods.resolvers.go:53.8,55.3 1 1
rpm/microservices/api/graph/resolver/goods.resolvers.go:58.110,59.26 1 1
rpm/microservices/api/graph/resolver/goods.resolvers.go:59.26,61.3 1 1
rpm/microservices/api/graph/resolver/goods.resolvers.go:61.8,61.36 1 1
rpm/microservices/api/graph/resolver/goods.resolvers.go:61.36,63.3 1 1
rpm/microservices/api/graph/resolver/goods.resolvers.go:63.8,65.3 1 1
rpm/microservices/api/graph/resolver/goods.resolvers.go:68.104,69.26 1 1
rpm/microservices/api/graph/resolver/goods.resolvers.go:76.2,76.36 1 1
rpm/microservices/api/graph/resolver/goods.resolvers.go:69.26,71.3 1 1
rpm/microservices/api/graph/resolver/goods.resolvers.go:71.8,71.36 1 1
rpm/microservices/api/graph/resolver/goods.resolvers.go:71.36,73.3 1 1
rpm/microservices/api/graph/resolver/goods.resolvers.go:73.8,75.3 1 1
rpm/microservices/api/graph/resolver/goods.resolvers.go:80.48,80.76 1 1
rpm/microservices/api/graph/resolver/goods.resolvers.go:83.70,85.2 1 1
rpm/microservices/api/graph/resolver/process.resolvers.go:13.109,15.2 1 1
rpm/microservices/api/graph/resolver/process.resolvers.go:17.127,19.2 1 1
rpm/microservices/api/graph/resolver/process.resolvers.go:21.130,23.2 1 1
rpm/microservices/api/graph/resolver/process.resolvers.go:25.129,27.2 1 1
rpm/microservices/api/graph/resolver/process.resolvers.go:29.115,30.26 1 1
rpm/microservices/api/graph/resolver/process.resolvers.go:30.26,32.3 1 1
rpm/microservices/api/graph/resolver/process.resolvers.go:32.8,32.36 1 1
rpm/microservices/api/graph/resolver/process.resolvers.go:32.36,34.3 1 1
rpm/microservices/api/graph/resolver/process.resolvers.go:34.8,36.3 1 1
rpm/microservices/api/graph/resolver/process.resolvers.go:39.111,40.26 1 1
rpm/microservices/api/graph/resolver/process.resolvers.go:40.26,42.3 1 1
rpm/microservices/api/graph/resolver/process.resolvers.go:42.8,42.36 1 1
rpm/microservices/api/graph/resolver/process.resolvers.go:42.36,44.3 1 1
rpm/microservices/api/graph/resolver/process.resolvers.go:44.8,46.3 1 1
rpm/microservices/api/graph/resolver/process.resolvers.go:49.105,50.26 1 1
rpm/microservices/api/graph/resolver/process.resolvers.go:50.26,52.3 1 1
rpm/microservices/api/graph/resolver/process.resolvers.go:52.8,52.36 1 1
rpm/microservices/api/graph/resolver/process.resolvers.go:52.36,54.3 1 1
rpm/microservices/api/graph/resolver/process.resolvers.go:54.8,56.3 1 1
rpm/microservices/api/graph/resolver/process.resolvers.go:60.52,60.82 1 1
rpm/microservices/api/graph/resolver/process.resolvers.go:63.68,63.106 1 1
rpm/microservices/api/graph/resolver/raw.resolvers.go:13.115,14.26 1 1
rpm/microservices/api/graph/resolver/raw.resolvers.go:14.26,16.3 1 1
rpm/microservices/api/graph/resolver/raw.resolvers.go:16.8,16.36 1 1
rpm/microservices/api/graph/resolver/raw.resolvers.go:16.36,18.3 1 1
rpm/microservices/api/graph/resolver/raw.resolvers.go:18.8,20.3 1 1
rpm/microservices/api/graph/resolver/raw.resolvers.go:23.114,24.26 1 1
rpm/microservices/api/graph/resolver/raw.resolvers.go:24.26,26.3 1 1
rpm/microservices/api/graph/resolver/raw.resolvers.go:26.8,26.36 1 1
rpm/microservices/api/graph/resolver/raw.resolvers.go:26.36,28.3 1 1
rpm/microservices/api/graph/resolver/raw.resolvers.go:28.8,30.3 1 1
rpm/microservices/api/graph/resolver/raw.resolvers.go:33.121,34.26 1 1
rpm/microservices/api/graph/resolver/raw.resolvers.go:34.26,36.3 1 1
rpm/microservices/api/graph/resolver/raw.resolvers.go:36.8,36.36 1 1
rpm/microservices/api/graph/resolver/raw.resolvers.go:36.36,38.3 1 1
rpm/microservices/api/graph/resolver/raw.resolvers.go:38.8,40.3 1 1
rpm/microservices/api/graph/resolver/raw.resolvers.go:43.99,45.2 1 1
rpm/microservices/api/graph/resolver/raw.resolvers.go:47.116,49.2 1 1
rpm/microservices/api/graph/resolver/raw.resolvers.go:51.127,53.2 1 1
rpm/microservices/api/graph/resolver/raw.resolvers.go:55.137,57.2 1 1
rpm/microservices/api/graph/resolver/raw.resolvers.go:59.136,61.2 1 1
rpm/microservices/api/graph/resolver/raw.resolvers.go:64.60,64.94 1 1
rpm/microservices/api/graph/resolver/raw.resolvers.go:67.44,67.70 1 1
rpm/microservices/api/service/equipment.go:16.123,24.16 4 1
rpm/microservices/api/service/equipment.go:27.2,27.20 1 1
rpm/microservices/api/service/equipment.go:24.16,26.3 1 1
rpm/microservices/api/service/equipment.go:31.152,40.16 4 1
rpm/microservices/api/service/equipment.go:43.2,43.20 1 1
rpm/microservices/api/service/equipment.go:40.16,42.3 1 1
rpm/microservices/api/service/equipment.go:47.135,56.16 4 1
rpm/microservices/api/service/equipment.go:59.2,59.20 1 1
rpm/microservices/api/service/equipment.go:56.16,58.3 1 1
rpm/microservices/api/service/equipment.go:63.140,72.16 4 1
rpm/microservices/api/service/equipment.go:75.2,75.20 1 1
rpm/microservices/api/service/equipment.go:72.16,74.3 1 1
rpm/microservices/api/service/equipment.go:79.139,87.16 4 1
rpm/microservices/api/service/equipment.go:90.2,90.20 1 1
rpm/microservices/api/service/equipment.go:87.16,89.3 1 1
rpm/microservices/api/service/equipment.go:94.120,101.16 4 1
rpm/microservices/api/service/equipment.go:104.2,104.20 1 1
rpm/microservices/api/service/equipment.go:101.16,103.3 1 1
rpm/microservices/api/service/equipment.go:108.102,113.16 4 1
rpm/microservices/api/service/equipment.go:116.2,116.20 1 1
rpm/microservices/api/service/equipment.go:113.16,115.3 1 1
rpm/microservices/api/service/equipment.go:120.112,127.16 4 1
rpm/microservices/api/service/equipment.go:130.2,130.20 1 1
rpm/microservices/api/service/equipment.go:127.16,129.3 1 1
rpm/microservices/api/service/equipment.go:134.127,142.16 4 1
rpm/microservices/api/service/equipment.go:145.2,145.20 1 1
rpm/microservices/api/service/equipment.go:142.16,144.3 1 1
rpm/microservices/api/service/equipment.go:149.117,157.16 4 1
rpm/microservices/api/service/equipment.go:160.2,160.20 1 1
rpm/microservices/api/service/equipment.go:157.16,159.3 1 1
rpm/microservices/api/service/equipment.go:164.122,172.16 4 1
rpm/microservices/api/service/equipment.go:175.2,175.20 1 1
rpm/microservices/api/service/equipment.go:172.16,174.3 1 1
rpm/microservices/api/service/equipment.go:179.121,186.16 4 1
rpm/microservices/api/service/equipment.go:189.2,189.20 1 1
rpm/microservices/api/service/equipment.go:186.16,188.3 1 1
rpm/microservices/api/service/goods.go:16.77,21.16 4 1
rpm/microservices/api/service/goods.go:24.2,24.20 1 1
rpm/microservices/api/service/goods.go:21.16,23.3 1 1
rpm/microservices/api/service/goods.go:28.108,35.16 4 1
rpm/microservices/api/service/goods.go:38.2,38.20 1 1
rpm/microservices/api/service/goods.go:35.16,37.3 1 1
rpm/microservices/api/service/goods.go:42.111,50.16 4 1
rpm/microservices/api/service/goods.go:53.2,53.20 1 1
rpm/microservices/api/service/goods.go:50.16,52.3 1 1
rpm/microservices/api/service/goods.go:57.110,64.16 4 1
rpm/microservices/api/service/goods.go:67.2,67.20 1 1
rpm/microservices/api/service/goods.go:64.16,66.3 1 1
rpm/microservices/api/service/goods.go:71.106,78.16 4 1
rpm/microservices/api/service/goods.go:81.2,81.20 1 1
rpm/microservices/api/service/goods.go:78.16,80.3 1 1
rpm/microservices/api/service/goods.go:85.109,93.16 4 1
rpm/microservices/api/service/goods.go:96.2,96.20 1 1
rpm/microservices/api/service/goods.go:93.16,95.3 1 1
rpm/microservices/api/service/goods.go:100.108,107.16 4 1
rpm/microservices/api/service/goods.go:110.2,110.20 1 1
rpm/microservices/api/service/goods.go:107.16,109.3 1 1
rpm/microservices/api/service/goods.go:114.109,122.16 4 1
rpm/microservices/api/service/goods.go:125.2,125.20 1 1
rpm/microservices/api/service/goods.go:122.16,124.3 1 1
rpm/microservices/api/service/goods.go:129.108,136.16 4 1
rpm/microservices/api/service/goods.go:139.2,139.20 1 1
rpm/microservices/api/service/goods.go:136.16,138.3 1 1
rpm/microservices/api/service/goods.go:143.108,150.16 4 1
rpm/microservices/api/service/goods.go:153.2,153.20 1 1
rpm/microservices/api/service/goods.go:150.16,152.3 1 1
rpm/microservices/api/service/goods.go:157.111,165.16 4 1
rpm/microservices/api/service/goods.go:168.2,168.20 1 1
rpm/microservices/api/service/goods.go:165.16,167.3 1 1
rpm/microservices/api/service/goods.go:172.110,179.16 4 1
rpm/microservices/api/service/goods.go:182.2,182.20 1 1
rpm/microservices/api/service/goods.go:179.16,181.3 1 1
rpm/microservices/api/service/inventory.go:16.121,23.16 4 1
rpm/microservices/api/service/inventory.go:26.2,26.20 1 1
rpm/microservices/api/service/inventory.go:23.16,25.3 1 1
rpm/microservices/api/service/inventory.go:30.124,37.16 4 1
rpm/microservices/api/service/inventory.go:40.2,40.20 1 1
rpm/microservices/api/service/inventory.go:37.16,39.3 1 1
rpm/microservices/api/service/inventory.go:44.123,51.16 4 1
rpm/microservices/api/service/inventory.go:54.2,54.20 1 1
rpm/microservices/api/service/inventory.go:51.16,53.3 1 1
rpm/microservices/api/service/inventory.go:58.110,65.16 4 1
rpm/microservices/api/service/inventory.go:68.2,68.20 1 1
rpm/microservices/api/service/inventory.go:65.16,67.3 1 1
rpm/microservices/api/service/inventory.go:72.113,80.16 4 1
rpm/microservices/api/service/inventory.go:83.2,83.20 1 1
rpm/microservices/api/service/inventory.go:80.16,82.3 1 1
rpm/microservices/api/service/inventory.go:87.112,94.16 4 1
rpm/microservices/api/service/inventory.go:97.2,97.20 1 1
rpm/microservices/api/service/inventory.go:94.16,96.3 1 1
rpm/microservices/api/service/logisticconverter.go:11.69,13.35 2 1
rpm/microservices/api/service/logisticconverter.go:16.2,16.17 1 1
rpm/microservices/api/service/logisticconverter.go:13.35,15.3 1 1
rpm/microservices/api/service/logisticconverter.go:19.70,23.17 3 1
rpm/microservices/api/service/logisticconverter.go:27.2,27.34 1 1
rpm/microservices/api/service/logisticconverter.go:32.2,43.3 1 1
rpm/microservices/api/service/logisticconverter.go:23.17,25.3 1 1
rpm/microservices/api/service/logisticconverter.go:27.34,30.3 2 1
rpm/microservices/api/service/logisticconverter.go:47.66,49.34 2 1
rpm/microservices/api/service/logisticconverter.go:52.2,52.15 1 1
rpm/microservices/api/service/logisticconverter.go:49.34,51.3 1 1
rpm/microservices/api/service/logisticconverter.go:56.81,60.17 3 1
rpm/microservices/api/service/logisticconverter.go:64.2,64.42 1 1
rpm/microservices/api/service/logisticconverter.go:68.2,76.3 1 1
rpm/microservices/api/service/logisticconverter.go:60.17,62.3 1 1
rpm/microservices/api/service/logisticconverter.go:64.42,67.3 2 1
rpm/microservices/api/service/logisticconverter.go:79.67,83.17 3 1
rpm/microservices/api/service/logisticconverter.go:87.2,87.34 1 1
rpm/microservices/api/service/logisticconverter.go:91.2,111.3 1 1
rpm/microservices/api/service/logisticconverter.go:83.17,85.3 1 1
rpm/microservices/api/service/logisticconverter.go:87.34,90.3 2 1
rpm/microservices/api/service/logisticconverter.go:114.73,126.2 1 1
rpm/microservices/api/service/logisticconverter.go:129.89,143.2 1 1
rpm/microservices/api/service/logisticconverter.go:146.91,149.37 2 1
rpm/microservices/api/service/logisticconverter.go:167.2,167.16 1 1
rpm/microservices/api/service/logisticconverter.go:149.37,166.3 1 1
rpm/microservices/api/service/logisticconverter.go:171.78,174.29 2 1
rpm/microservices/api/service/logisticconverter.go:181.2,181.16 1 1
rpm/microservices/api/service/logisticconverter.go:174.29,179.3 1 1
rpm/microservices/api/service/logisticconverter.go:185.68,188.29 3 1
rpm/microservices/api/service/logisticconverter.go:209.2,209.16 1 1
rpm/microservices/api/service/logisticconverter.go:188.29,207.3 2 1
rpm/microservices/api/service/logisticconverter.go:212.88,214.36 2 1
rpm/microservices/api/service/logisticconverter.go:223.2,223.15 1 1
rpm/microservices/api/service/logisticconverter.go:214.36,221.3 1 1
rpm/microservices/api/service/logisticconverter.go:226.63,228.29 2 1
rpm/microservices/api/service/logisticconverter.go:235.2,235.16 1 1
rpm/microservices/api/service/logisticconverter.go:228.29,233.3 1 1
rpm/microservices/api/service/service.go:116.100,128.2 1 1
rpm/microservices/api/service/inventoryconverter.go:9.93,12.17 2 1
rpm/microservices/api/service/inventoryconverter.go:16.2,22.3 3 1
rpm/microservices/api/service/inventoryconverter.go:12.17,14.3 1 1
rpm/microservices/api/service/inventoryconverter.go:26.73,28.33 2 1
rpm/microservices/api/service/inventoryconverter.go:31.2,31.15 1 1
rpm/microservices/api/service/inventoryconverter.go:28.33,30.3 1 1
rpm/microservices/api/service/inventoryconverter.go:35.78,37.33 2 1
rpm/microservices/api/service/inventoryconverter.go:40.2,40.15 1 1
rpm/microservices/api/service/inventoryconverter.go:37.33,39.3 1 1
rpm/microservices/api/service/inventoryconverter.go:43.59,47.17 3 1
rpm/microservices/api/service/inventoryconverter.go:51.2,51.34 1 1
rpm/microservices/api/service/inventoryconverter.go:56.2,65.3 1 1
rpm/microservices/api/service/inventoryconverter.go:47.17,49.3 1 1
rpm/microservices/api/service/inventoryconverter.go:51.34,54.3 2 1
rpm/microservices/api/service/inventoryconverter.go:68.65,77.2 1 1
rpm/microservices/api/service/inventoryconverter.go:79.70,81.27 2 1
rpm/microservices/api/service/inventoryconverter.go:87.2,87.13 1 1
rpm/microservices/api/service/inventoryconverter.go:81.27,86.3 1 1
rpm/microservices/api/service/inventoryconverter.go:90.81,92.28 2 1
rpm/microservices/api/service/inventoryconverter.go:99.2,99.14 1 1
rpm/microservices/api/service/inventoryconverter.go:92.28,98.3 1 1
rpm/microservices/api/service/inventoryconverter.go:102.77,112.2 1 1
rpm/microservices/api/service/report.go:16.98,23.16 4 1
rpm/microservices/api/service/report.go:26.2,26.20 1 1
rpm/microservices/api/service/report.go:23.16,25.3 1 1
rpm/microservices/api/service/report.go:29.71,32.17 2 1
rpm/microservices/api/service/report.go:36.2,39.3 2 1
rpm/microservices/api/service/report.go:32.17,34.3 1 1
rpm/microservices/api/service/report.go:42.73,45.32 2 1
rpm/microservices/api/service/report.go:56.2,56.14 1 1
rpm/microservices/api/service/report.go:45.32,54.3 1 1
rpm/microservices/api/service/report.go:59.47,61.29 2 1
rpm/microservices/api/service/report.go:64.2,64.15 1 1
rpm/microservices/api/service/report.go:61.29,63.3 1 1
rpm/microservices/api/service/sales.go:16.112,23.51 4 1
rpm/microservices/api/service/sales.go:27.2,31.20 2 1
rpm/microservices/api/service/sales.go:23.51,25.3 1 1
rpm/microservices/api/service/sales.go:35.105,42.16 4 1
rpm/microservices/api/service/sales.go:46.2,46.20 1 1
rpm/microservices/api/service/sales.go:42.16,44.3 1 1
rpm/microservices/api/service/sales.go:50.127,57.16 4 1
rpm/microservices/api/service/sales.go:61.2,61.20 1 1
rpm/microservices/api/service/sales.go:57.16,59.3 1 1
rpm/microservices/api/service/sales.go:65.114,72.16 4 1
rpm/microservices/api/service/sales.go:76.2,76.20 1 1
rpm/microservices/api/service/sales.go:72.16,74.3 1 1
rpm/microservices/api/service/sales.go:80.121,87.16 4 1
rpm/microservices/api/service/sales.go:91.2,91.20 1 1
rpm/microservices/api/service/sales.go:87.16,89.3 1 1
rpm/microservices/api/service/salesconverter.go:9.98,13.49 3 1
rpm/microservices/api/service/salesconverter.go:17.2,17.47 1 1
rpm/microservices/api/service/salesconverter.go:21.2,35.32 2 1
rpm/microservices/api/service/salesconverter.go:13.49,15.3 1 1
rpm/microservices/api/service/salesconverter.go:17.47,19.3 1 1
rpm/microservices/api/service/salesconverter.go:39.113,42.46 2 1
rpm/microservices/api/service/salesconverter.go:46.2,50.25 2 1
rpm/microservices/api/service/salesconverter.go:42.46,44.3 1 1
rpm/microservices/api/service/salesconverter.go:54.80,58.46 3 1
rpm/microservices/api/service/salesconverter.go:61.2,64.48 3 1
rpm/microservices/api/service/salesconverter.go:67.2,70.48 3 1
rpm/microservices/api/service/salesconverter.go:73.2,76.48 3 1
rpm/microservices/api/service/salesconverter.go:79.2,82.16 3 1
rpm/microservices/api/service/salesconverter.go:58.46,60.3 1 1
rpm/microservices/api/service/salesconverter.go:64.48,66.3 1 1
rpm/microservices/api/service/salesconverter.go:70.48,72.3 1 1
rpm/microservices/api/service/salesconverter.go:76.48,78.3 1 1
rpm/microservices/api/service/salesconverter.go:85.72,88.36 2 1
rpm/microservices/api/service/salesconverter.go:92.2,97.3 1 1
rpm/microservices/api/service/salesconverter.go:88.36,90.3 1 1
rpm/microservices/api/service/salesconverter.go:100.80,118.2 1 1
rpm/microservices/api/service/salesconverter.go:120.77,125.2 1 1
rpm/microservices/api/service/salesconverter.go:127.77,134.2 1 1
rpm/microservices/api/service/salesconverter.go:136.80,142.2 1 1
rpm/microservices/api/service/salesconverter.go:145.107,149.34 3 1
rpm/microservices/api/service/salesconverter.go:153.2,154.42 2 1
rpm/microservices/api/service/salesconverter.go:158.2,167.15 2 1
rpm/microservices/api/service/salesconverter.go:149.34,151.3 1 1
rpm/microservices/api/service/salesconverter.go:154.42,156.3 1 1
rpm/microservices/api/service/salesconverter.go:171.54,173.38 2 1
rpm/microservices/api/service/salesconverter.go:191.2,191.88 1 1
rpm/microservices/api/service/salesconverter.go:173.38,189.3 2 1
rpm/microservices/api/service/salesconverter.go:193.85,194.32 1 1
rpm/microservices/api/service/salesconverter.go:197.2,197.8 1 1
rpm/microservices/api/service/salesconverter.go:194.32,196.3 1 1
rpm/microservices/api/service/salesconverter.go:199.72,212.2 3 1
rpm/microservices/api/service/salesconverter.go:214.97,217.52 2 1
rpm/microservices/api/service/salesconverter.go:221.2,223.3 1 1
rpm/microservices/api/service/salesconverter.go:217.52,219.3 1 1
rpm/microservices/api/service/salesconverter.go:226.89,229.49 2 1
rpm/microservices/api/service/salesconverter.go:233.2,242.3 1 1
rpm/microservices/api/service/salesconverter.go:229.49,231.3 1 1
rpm/microservices/api/service/equipmentconverter.go:8.93,12.42 4 1
rpm/microservices/api/service/equipmentconverter.go:25.2,25.42 1 1
rpm/microservices/api/service/equipmentconverter.go:34.2,34.41 1 1
rpm/microservices/api/service/equipmentconverter.go:43.2,48.15 2 1
rpm/microservices/api/service/equipmentconverter.go:12.42,23.3 1 1
rpm/microservices/api/service/equipmentconverter.go:25.42,32.3 1 1
rpm/microservices/api/service/equipmentconverter.go:34.41,42.3 1 1
rpm/microservices/api/service/equipmentconverter.go:51.92,54.44 2 1
rpm/microservices/api/service/equipmentconverter.go:69.2,69.15 1 1
rpm/microservices/api/service/equipmentconverter.go:54.44,68.3 1 1
rpm/microservices/api/service/equipmentconverter.go:72.55,74.29 2 1
rpm/microservices/api/service/equipmentconverter.go:83.2,83.15 1 1
rpm/microservices/api/service/equipmentconverter.go:74.29,82.3 1 1
rpm/microservices/api/service/logistic.go:16.88,21.16 4 1
rpm/microservices/api/service/logistic.go:24.2,24.20 1 1
rpm/microservices/api/service/logistic.go:21.16,23.3 1 1
rpm/microservices/api/service/logistic.go:28.114,34.16 4 1
rpm/microservices/api/service/logistic.go:37.2,37.20 1 1
rpm/microservices/api/service/logistic.go:34.16,36.3 1 1
rpm/microservices/api/service/logistic.go:41.117,48.16 4 1
rpm/microservices/api/service/logistic.go:51.2,51.20 1 1
rpm/microservices/api/service/logistic.go:48.16,50.3 1 1
rpm/microservices/api/service/logistic.go:55.116,61.16 4 1
rpm/microservices/api/service/logistic.go:64.2,64.20 1 1
rpm/microservices/api/service/logistic.go:61.16,63.3 1 1
rpm/microservices/api/service/logistic.go:68.116,74.16 4 1
rpm/microservices/api/service/logistic.go:77.2,77.21 1 1
rpm/microservices/api/service/logistic.go:74.16,76.3 1 1
rpm/microservices/api/service/logistic.go:81.119,88.16 4 1
rpm/microservices/api/service/logistic.go:91.2,91.21 1 1
rpm/microservices/api/service/logistic.go:88.16,90.3 1 1
rpm/microservices/api/service/logistic.go:95.118,101.16 4 1
rpm/microservices/api/service/logistic.go:104.2,104.21 1 1
rpm/microservices/api/service/logistic.go:101.16,103.3 1 1
rpm/microservices/api/service/logistic.go:108.120,116.16 4 1
rpm/microservices/api/service/logistic.go:120.2,120.20 1 1
rpm/microservices/api/service/logistic.go:116.16,118.3 1 1
rpm/microservices/api/service/logistic.go:124.127,132.16 4 1
rpm/microservices/api/service/logistic.go:136.2,136.20 1 1
rpm/microservices/api/service/logistic.go:132.16,134.3 1 1
rpm/microservices/api/service/logistic.go:140.119,148.16 4 1
rpm/microservices/api/service/logistic.go:152.2,152.20 1 1
rpm/microservices/api/service/logistic.go:148.16,150.3 1 1
rpm/microservices/api/service/logistic.go:156.126,163.16 4 1
rpm/microservices/api/service/logistic.go:167.2,167.20 1 1
rpm/microservices/api/service/logistic.go:163.16,165.3 1 1
rpm/microservices/api/service/logistic.go:171.98,178.16 4 1
rpm/microservices/api/service/logistic.go:182.2,182.20 1 1
rpm/microservices/api/service/logistic.go:178.16,180.3 1 1
rpm/microservices/api/service/logistic.go:186.113,192.16 4 1
rpm/microservices/api/service/logistic.go:195.2,195.20 1 1
rpm/microservices/api/service/logistic.go:192.16,194.3 1 1
rpm/microservices/api/service/logistic.go:199.116,206.16 4 1
rpm/microservices/api/service/logistic.go:209.2,209.20 1 1
rpm/microservices/api/service/logistic.go:206.16,208.3 1 1
rpm/microservices/api/service/logistic.go:213.115,219.16 4 1
rpm/microservices/api/service/logistic.go:222.2,222.20 1 1
rpm/microservices/api/service/logistic.go:219.16,221.3 1 1
rpm/microservices/api/service/logistic.go:226.108,233.16 4 1
rpm/microservices/api/service/logistic.go:236.2,236.20 1 1
rpm/microservices/api/service/logistic.go:233.16,235.3 1 1
rpm/microservices/api/service/logistic.go:240.111,248.16 4 1
rpm/microservices/api/service/logistic.go:251.2,251.20 1 1
rpm/microservices/api/service/logistic.go:248.16,250.3 1 1
rpm/microservices/api/service/logistic.go:255.110,262.16 4 1
rpm/microservices/api/service/logistic.go:265.2,265.20 1 1
rpm/microservices/api/service/logistic.go:262.16,264.3 1 1
rpm/microservices/api/service/logistic.go:269.103,276.16 4 1
rpm/microservices/api/service/logistic.go:279.2,279.20 1 1
rpm/microservices/api/service/logistic.go:276.16,278.3 1 1
rpm/microservices/api/service/logistic.go:283.106,291.16 4 1
rpm/microservices/api/service/logistic.go:294.2,294.20 1 1
rpm/microservices/api/service/logistic.go:291.16,293.3 1 1
rpm/microservices/api/service/logistic.go:298.105,305.16 4 1
rpm/microservices/api/service/logistic.go:308.2,308.20 1 1
rpm/microservices/api/service/logistic.go:305.16,307.3 1 1
rpm/microservices/api/service/raw.go:17.74,23.16 5 1
rpm/microservices/api/service/raw.go:26.2,28.20 3 1
rpm/microservices/api/service/raw.go:23.16,25.3 1 1
rpm/microservices/api/service/raw.go:32.89,37.16 5 1
rpm/microservices/api/service/raw.go:43.2,45.20 3 1
rpm/microservices/api/service/raw.go:37.16,42.3 1 1
rpm/microservices/api/service/raw.go:49.114,57.16 5 1
rpm/microservices/api/service/raw.go:60.2,62.20 3 1
rpm/microservices/api/service/raw.go:57.16,59.3 1 1
rpm/microservices/api/service/raw.go:66.117,75.16 5 1
rpm/microservices/api/service/raw.go:78.2,80.20 3 1
rpm/microservices/api/service/raw.go:75.16,77.3 1 1
rpm/microservices/api/service/raw.go:84.116,92.16 5 1
rpm/microservices/api/service/raw.go:95.2,97.20 3 1
rpm/microservices/api/service/raw.go:92.16,94.3 1 1
rpm/microservices/api/service/raw.go:101.124,109.16 5 1
rpm/microservices/api/service/raw.go:112.2,114.20 3 1
rpm/microservices/api/service/raw.go:109.16,111.3 1 1
rpm/microservices/api/service/raw.go:118.127,127.16 5 1
rpm/microservices/api/service/raw.go:130.2,132.20 3 1
rpm/microservices/api/service/raw.go:127.16,129.3 1 1
rpm/microservices/api/service/raw.go:136.126,144.16 5 1
rpm/microservices/api/service/raw.go:147.2,149.20 3 1
rpm/microservices/api/service/raw.go:144.16,146.3 1 1
rpm/microservices/api/service/raw.go:153.131,161.16 5 1
rpm/microservices/api/service/raw.go:164.2,166.20 3 1
rpm/microservices/api/service/raw.go:161.16,163.3 1 1
rpm/microservices/api/service/raw.go:170.134,179.16 5 1
rpm/microservices/api/service/raw.go:182.2,184.20 3 1
rpm/microservices/api/service/raw.go:179.16,181.3 1 1
rpm/microservices/api/service/raw.go:188.133,196.16 5 1
rpm/microservices/api/service/raw.go:199.2,201.20 3 1
rpm/microservices/api/service/raw.go:196.16,198.3 1 1
rpm/microservices/api/service/goodsconverter.go:12.73,14.35 2 1
rpm/microservices/api/service/goodsconverter.go:17.2,17.15 1 1
rpm/microservices/api/service/goodsconverter.go:14.35,16.3 1 1
rpm/microservices/api/service/goodsconverter.go:21.69,23.33 2 1
rpm/microservices/api/service/goodsconverter.go:26.2,26.15 1 1
rpm/microservices/api/service/goodsconverter.go:23.33,25.3 1 1
rpm/microservices/api/service/goodsconverter.go:30.69,32.33 2 1
rpm/microservices/api/service/goodsconverter.go:35.2,35.15 1 1
rpm/microservices/api/service/goodsconverter.go:32.33,34.3 1 1
rpm/microservices/api/service/goodsconverter.go:39.76,42.17 2 1
rpm/microservices/api/service/goodsconverter.go:46.2,48.48 2 1
rpm/microservices/api/service/goodsconverter.go:42.17,44.3 1 1
rpm/microservices/api/service/goodsconverter.go:52.68,54.33 2 1
rpm/microservices/api/service/goodsconverter.go:57.2,57.15 1 1
rpm/microservices/api/service/goodsconverter.go:54.33,56.3 1 1
rpm/microservices/api/service/goodsconverter.go:60.69,64.17 3 1
rpm/microservices/api/service/goodsconverter.go:68.2,68.34 1 1
rpm/microservices/api/service/goodsconverter.go:72.2,81.3 1 1
rpm/microservices/api/service/goodsconverter.go:64.17,66.3 1 1
rpm/microservices/api/service/goodsconverter.go:68.34,71.3 2 1
rpm/microservices/api/service/goodsconverter.go:84.63,88.17 3 1
rpm/microservices/api/service/goodsconverter.go:92.2,92.34 1 1
rpm/microservices/api/service/goodsconverter.go:97.2,109.3 1 1
rpm/microservices/api/service/goodsconverter.go:88.17,90.3 1 1
rpm/microservices/api/service/goodsconverter.go:92.34,95.3 2 1
rpm/microservices/api/service/goodsconverter.go:112.60,121.2 1 1
rpm/microservices/api/service/goodsconverter.go:123.65,125.27 2 1
rpm/microservices/api/service/goodsconverter.go:131.2,131.13 1 1
rpm/microservices/api/service/goodsconverter.go:125.27,130.3 1 1
rpm/microservices/api/service/goodsconverter.go:134.72,144.2 1 1
rpm/microservices/api/service/goodsconverter.go:146.76,148.28 2 1
rpm/microservices/api/service/goodsconverter.go:155.2,155.14 1 1
rpm/microservices/api/service/goodsconverter.go:148.28,154.3 1 1
rpm/microservices/api/service/goodsconverter.go:158.79,163.2 1 1
rpm/microservices/api/service/goodsconverter.go:165.63,169.17 3 1
rpm/microservices/api/service/goodsconverter.go:173.2,173.35 1 1
rpm/microservices/api/service/goodsconverter.go:178.2,188.3 1 1
rpm/microservices/api/service/goodsconverter.go:169.17,171.3 1 1
rpm/microservices/api/service/goodsconverter.go:173.35,176.3 2 1
rpm/microservices/api/service/process.go:16.88,21.16 4 1
rpm/microservices/api/service/process.go:24.2,24.20 1 1
rpm/microservices/api/service/process.go:21.16,23.3 1 1
rpm/microservices/api/service/process.go:28.117,35.16 4 1
rpm/microservices/api/service/process.go:38.2,38.20 1 1
rpm/microservices/api/service/process.go:35.16,37.3 1 1
rpm/microservices/api/service/process.go:42.120,49.16 4 1
rpm/microservices/api/service/process.go:52.2,52.20 1 1
rpm/microservices/api/service/process.go:49.16,51.3 1 1
rpm/microservices/api/service/process.go:56.119,63.16 4 1
rpm/microservices/api/service/process.go:66.2,66.20 1 1
rpm/microservices/api/service/process.go:63.16,65.3 1 1
rpm/microservices/api/service/process.go:70.106,77.16 4 1
rpm/microservices/api/service/process.go:80.2,80.20 1 1
rpm/microservices/api/service/process.go:77.16,79.3 1 1
rpm/microservices/api/service/process.go:84.109,92.16 4 1
rpm/microservices/api/service/process.go:95.2,95.20 1 1
rpm/microservices/api/service/process.go:92.16,94.3 1 1
rpm/microservices/api/service/process.go:99.108,106.16 4 1
rpm/microservices/api/service/process.go:109.2,109.20 1 1
rpm/microservices/api/service/process.go:106.16,108.3 1 1
rpm/microservices/api/service/process.go:113.112,120.16 4 1
rpm/microservices/api/service/process.go:123.2,123.20 1 1
rpm/microservices/api/service/process.go:120.16,122.3 1 1
rpm/microservices/api/service/process.go:127.115,135.16 4 1
rpm/microservices/api/service/process.go:138.2,138.20 1 1
rpm/microservices/api/service/process.go:135.16,137.3 1 1
rpm/microservices/api/service/process.go:142.114,149.16 4 1
rpm/microservices/api/service/process.go:152.2,152.20 1 1
rpm/microservices/api/service/process.go:149.16,151.3 1 1
rpm/microservices/api/service/processconverter.go:9.87,12.17 2 1
rpm/microservices/api/service/processconverter.go:16.2,27.3 2 1
rpm/microservices/api/service/processconverter.go:12.17,14.3 1 1
rpm/microservices/api/service/processconverter.go:31.68,33.28 2 1
rpm/microservices/api/service/processconverter.go:36.2,36.14 1 1
rpm/microservices/api/service/processconverter.go:33.28,35.3 1 1
rpm/microservices/api/service/processconverter.go:40.77,42.28 2 1
rpm/microservices/api/service/processconverter.go:45.2,45.14 1 1
rpm/microservices/api/service/processconverter.go:42.28,44.3 1 1
rpm/microservices/api/service/processconverter.go:48.72,52.17 3 1
rpm/microservices/api/service/processconverter.go:56.2,56.45 1 1
rpm/microservices/api/service/processconverter.go:59.2,66.3 1 1
rpm/microservices/api/service/processconverter.go:52.17,54.3 1 1
rpm/microservices/api/service/processconverter.go:56.45,58.3 1 1
rpm/microservices/api/service/processconverter.go:69.80,71.17 2 1
rpm/microservices/api/service/processconverter.go:75.2,84.3 1 1
rpm/microservices/api/service/processconverter.go:71.17,73.3 1 1
rpm/microservices/api/service/processconverter.go:87.63,90.17 3 1
rpm/microservices/api/service/processconverter.go:94.2,94.41 1 1
rpm/microservices/api/service/processconverter.go:98.2,111.3 1 1
rpm/microservices/api/service/processconverter.go:90.17,92.3 1 1
rpm/microservices/api/service/processconverter.go:94.41,97.3 2 1
rpm/microservices/api/service/processconverter.go:114.81,116.17 2 1
rpm/microservices/api/service/processconverter.go:120.2,127.3 1 1
rpm/microservices/api/service/processconverter.go:116.17,118.3 1 1
rpm/microservices/api/service/rawconverter.go:9.99,15.2 1 1
rpm/microservices/api/service/rawconverter.go:18.73,20.34 2 1
rpm/microservices/api/service/rawconverter.go:27.2,27.15 1 1
rpm/microservices/api/service/rawconverter.go:20.34,25.3 1 1
rpm/microservices/api/service/rawconverter.go:31.95,34.47 2 1
rpm/microservices/api/service/rawconverter.go:65.2,65.15 1 1
rpm/microservices/api/service/rawconverter.go:34.47,39.36 4 1
rpm/microservices/api/service/rawconverter.go:42.3,42.31 1 1
rpm/microservices/api/service/rawconverter.go:45.3,45.38 1 1
rpm/microservices/api/service/rawconverter.go:49.3,62.5 1 1
rpm/microservices/api/service/rawconverter.go:39.36,41.4 1 1
rpm/microservices/api/service/rawconverter.go:42.31,44.4 1 1
rpm/microservices/api/service/rawconverter.go:45.38,47.4 1 1
rpm/microservices/api/service/rawconverter.go:68.76,70.32 2 1
rpm/microservices/api/service/rawconverter.go:73.2,73.15 1 1
rpm/microservices/api/service/rawconverter.go:70.32,72.3 1 1
rpm/microservices/api/service/rawconverter.go:76.68,87.2 1 1
